#
# A fatal error has been detected by the Java Runtime Environment:
#
#  SIGSEGV (0xb) at pc=0x00007f2180f6b382, pid=14251, tid=0x00007f21684fc700
#
# JRE version: OpenJDK Runtime Environment (8.0_222-b10) (build 1.8.0_222-8u222-b10-1ubuntu1~18.04.1-b10)
# Java VM: OpenJDK 64-Bit Server VM (25.222-b10 mixed mode linux-amd64 compressed oops)
# Problematic frame:
# V  [libjvm.so+0x4cd382]
#
# Failed to write core dump. Core dumps have been disabled. To enable core dumping, try "ulimit -c unlimited" before starting Java again
#
# If you would like to submit a bug report, please visit:
#   http://bugreport.java.com/bugreport/crash.jsp
#

---------------  T H R E A D  ---------------

Current thread (0x00007f217c143800):  VMThread [stack: 0x00007f21683fd000,0x00007f21684fd000] [id=14264]

siginfo: si_signo: 11 (SIGSEGV), si_code: 2 (SEGV_ACCERR), si_addr: 0x00007f2169bf0fb8

Registers:
RAX=0x00007f2169bf0fb8, RBX=0x00007f21684fb1d0, RCX=0x000000000000b208, RDX=0x0000000000000000
RSP=0x00007f21684faa88, RBP=0x00007f21684faf20, RSI=0x0000000000164100, RDI=0x00007f2169a8c7f8
R8 =0x000000000000001f, R9 =0x0000000000000000, R10=0x00000000000000b1, R11=0x00000000000000b1
R12=0x00007f21684faad0, R13=0x00007f21684faaa0, R14=0x0000000000000000, R15=0x000000000000001f
RIP=0x00007f2180f6b382, EFLAGS=0x0000000000010206, CSGSFS=0x002b000000000033, ERR=0x0000000000000004
  TRAPNO=0x000000000000000e

Top of Stack: (sp=0x00007f21684faa88)
0x00007f21684faa88:   00007f2181076cbf 00000000d73f18e0
0x00007f21684faa98:   00000000d73efc78 00007f2181949278
0x00007f21684faaa8:   00007f21826f9970 0000000000000004
0x00007f21684faab8:   000000000000000e 00007f21684faae0
0x00007f21684faac8:   0000000000000003 0000000000000000
0x00007f21684faad8:   00000000d73d6d08 2fffffff4fffffff
0x00007f21684faae8:   000000002fffffff 00000000d73d5ff8
0x00007f21684faaf8:   00000000d73d3430 00000000d73d2e30
0x00007f21684fab08:   00000000d73a89a8 00000000d73a15c0
0x00007f21684fab18:   00000000d739f500 00000000d739e150
0x00007f21684fab28:   00000000d739c3d8 00000000d739bb68
0x00007f21684fab38:   00000000d739bb68 00000000d739abc0
0x00007f21684fab48:   00000000d739a4a8 00000000d7398ce0
0x00007f21684fab58:   00000000d73968a8 00000000d7396828
0x00007f21684fab68:   00000000d73966e8 00000000d73900c0
0x00007f21684fab78:   00000000d7390040 00000000d738d480
0x00007f21684fab88:   00000000d7375228 00000000d7373c70
0x00007f21684fab98:   00000000d7372fc8 00000000d736f9d8
0x00007f21684faba8:   00000000d736f680 00000000d736f608
0x00007f21684fabb8:   00000000d736eb38 00000000d736de90
0x00007f21684fabc8:   00000000d736d778 00000000d736ce38
0x00007f21684fabd8:   00000000d736b8b8 00000000d736a198
0x00007f21684fabe8:   00000000d7369028 00000000d7367de8
0x00007f21684fabf8:   00000000d7367978 00000000d735dd20
0x00007f21684fac08:   00000000d735cf40 00000000d735ba60
0x00007f21684fac18:   00000000d735af38 00000000d735aeb8
0x00007f21684fac28:   00000000d7355c70 00000000d7355bf0
0x00007f21684fac38:   00000000d7354298 00000000d7354298
0x00007f21684fac48:   00000000d734e270 00000000d734de98
0x00007f21684fac58:   00000000d734c158 00000000d734ad58
0x00007f21684fac68:   00000000d734acd8 00000000d7349ae8
0x00007f21684fac78:   00000000d7349a60 00000000d7347368 

Instructions: (pc=0x00007f2180f6b382)
0x00007f2180f6b362:   d2 48 89 e5 75 38 48 8b 47 10 48 85 c0 74 2f 85
0x00007f2180f6b372:   f6 78 4b 48 63 f6 48 c1 e6 05 48 8d 44 30 10 5d
0x00007f2180f6b382:   48 8b 00 0f b7 c0 0f b7 44 c7 52 0f b7 44 c7 52
0x00007f2180f6b392:   48 8b 44 c7 50 c3 0f 1f 84 00 00 00 00 00 48 8b 

Register to memory mapping:

RAX=0x00007f2169bf0fb8 is an unknown value
RBX=0x00007f21684fb1d0 is an unknown value
RCX=0x000000000000b208 is an unknown value
RDX=0x0000000000000000 is an unknown value
RSP=0x00007f21684faa88 is an unknown value
RBP=0x00007f21684faf20 is an unknown value
RSI=0x0000000000164100 is an unknown value
RDI=0x00007f2169a8c7f8 is pointing into metadata
R8 =0x000000000000001f is an unknown value
R9 =0x0000000000000000 is an unknown value
R10=0x00000000000000b1 is an unknown value
R11=0x00000000000000b1 is an unknown value
R12=0x00007f21684faad0 is an unknown value
R13=0x00007f21684faaa0 is an unknown value
R14=0x0000000000000000 is an unknown value
R15=0x000000000000001f is an unknown value


Stack: [0x00007f21683fd000,0x00007f21684fd000],  sp=0x00007f21684faa88,  free space=1014k
Native frames: (J=compiled Java code, j=interpreted, Vv=VM code, C=native code)
V  [libjvm.so+0x4cd382]
V  [libjvm.so+0x5da743]
V  [libjvm.so+0x5de86d]
V  [libjvm.so+0x5dec6b]
V  [libjvm.so+0x8e160f]
V  [libjvm.so+0x8e3368]
V  [libjvm.so+0x8e4327]
V  [libjvm.so+0x8e4be6]
V  [libjvm.so+0x63ac92]
V  [libjvm.so+0x876500]
V  [libjvm.so+0x75d989]
V  [libjvm.so+0xabf1d6]
V  [libjvm.so+0xabd4d5]
V  [libjvm.so+0xabddad]
V  [libjvm.so+0xabe1b8]
V  [libjvm.so+0x8f0732]

VM_Operation (0x00007f2147ffe950): GetOrSetLocal, mode: safepoint, requested by thread 0x00007f217c18d000


---------------  P R O C E S S  ---------------

Java Threads: ( => current thread )
  0x00007f217c29c800 JavaThread "Service Thread" daemon [_thread_blocked, id=14291, stack(0x00007f21478f9000,0x00007f21479fa000)]
  0x00007f217c291000 JavaThread "C1 CompilerThread2" daemon [_thread_blocked, id=14290, stack(0x00007f21479fb000,0x00007f2147afb000)]
  0x00007f217c28f000 JavaThread "C2 CompilerThread1" daemon [_thread_blocked, id=14289, stack(0x00007f2147afc000,0x00007f2147bfc000)]
  0x00007f217c28d800 JavaThread "C2 CompilerThread0" daemon [_thread_blocked, id=14288, stack(0x00007f2147bfd000,0x00007f2147cfd000)]
  0x00007f213c001000 JavaThread "JDWP Command Reader" daemon [_thread_in_native, id=14273, stack(0x00007f2147cfd000,0x00007f2147dfe000)]
  0x00007f217c190800 JavaThread "JDWP Event Helper Thread" daemon [_thread_blocked, id=14271, stack(0x00007f2147dfe000,0x00007f2147eff000)]
  0x00007f217c18d000 JavaThread "JDWP Transport Listener: dt_socket" daemon [_thread_blocked, id=14269, stack(0x00007f2147eff000,0x00007f2148000000)]
  0x00007f217c181000 JavaThread "Signal Dispatcher" daemon [_thread_blocked, id=14267, stack(0x00007f21680f9000,0x00007f21681fa000)]
  0x00007f217c14f800 JavaThread "Finalizer" daemon [_thread_blocked, id=14266, stack(0x00007f21681fa000,0x00007f21682fb000)]
  0x00007f217c14d000 JavaThread "Reference Handler" daemon [_thread_blocked, id=14265, stack(0x00007f21682fb000,0x00007f21683fc000)]
  0x00007f217c00e800 JavaThread "main" [_thread_blocked, id=14257, stack(0x00007f2182778000,0x00007f2182878000)]

Other Threads:
=>0x00007f217c143800 VMThread [stack: 0x00007f21683fd000,0x00007f21684fd000] [id=14264]
  0x00007f217c29f000 WatcherThread [stack: 0x00007f21477f9000,0x00007f21478f9000] [id=14292]

VM state:at safepoint (normal execution)

VM Mutex/Monitor currently owned by a thread:  ([mutex/lock_event])
[0x00007f217c00b080] Threads_lock - owner thread: 0x00007f217c143800

heap address: 0x0000000085000000, size: 1968 MB, Compressed Oops mode: 32-bit
Narrow klass base: 0x0000000000000000, Narrow klass shift: 3
Compressed class space size: 1073741824 Address: 0x0000000100000000

Heap:
 PSYoungGen      total 36864K, used 7033K [0x00000000d7000000, 0x00000000d9900000, 0x0000000100000000)
  eden space 31744K, 22% used [0x00000000d7000000,0x00000000d76de6a0,0x00000000d8f00000)
  from space 5120K, 0% used [0x00000000d9400000,0x00000000d9400000,0x00000000d9900000)
  to   space 5120K, 0% used [0x00000000d8f00000,0x00000000d8f00000,0x00000000d9400000)
 ParOldGen       total 84992K, used 0K [0x0000000085000000, 0x000000008a300000, 0x00000000d7000000)
  object space 84992K, 0% used [0x0000000085000000,0x0000000085000000,0x000000008a300000)
 Metaspace       used 5052K, capacity 5090K, committed 5248K, reserved 1056768K
  class space    used 512K, capacity 529K, committed 640K, reserved 1048576K

Card table byte_map: [0x00007f216a7bd000,0x00007f216ab96000] byte_map_base: 0x00007f216a395000

Marking Bits: (ParMarkBitMap*) 0x00007f2181a0d360
 Begin Bits: [0x00007f2154280000, 0x00007f2156140000)
 End Bits:   [0x00007f2156140000, 0x00007f2158000000)

Polling page: 0x00007f218288e000

CodeCache: size=245760Kb used=1632Kb max_used=1646Kb free=244127Kb
 bounds [0x00007f216af56000, 0x00007f216b1c6000, 0x00007f2179f56000]
 total_blobs=449 nmethods=165 adapters=207
 compilation: enabled

Compilation events (10 events):
Event: 1828.848 Thread 0x00007f217c291000  165       3       org.eclipse.jdt.launching.internal.org.objectweb.asm.SymbolTable::addConstantMethodref (24 bytes)
Event: 1828.848 Thread 0x00007f217c291000 nmethod 165 0x00007f216b071010 code [0x00007f216b071180, 0x00007f216b0713a8]
Event: 2090.270 Thread 0x00007f217c291000  166       3       org.eclipse.jdt.launching.internal.org.objectweb.asm.ByteVector::put11 (52 bytes)
Event: 2090.273 Thread 0x00007f217c291000 nmethod 166 0x00007f216b0ecf10 code [0x00007f216b0ed080, 0x00007f216b0ed2e8]
Event: 2599.921 Thread 0x00007f217c291000  167  s    3       java.lang.StringBuffer::append (13 bytes)
Event: 2599.922 Thread 0x00007f217c291000 nmethod 167 0x00007f216b0ec990 code [0x00007f216b0ecb00, 0x00007f216b0ece28]
Event: 2684.932 Thread 0x00007f217c291000  168       3       org.eclipse.jdt.launching.internal.org.objectweb.asm.AnnotationWriter::putAnnotations (67 bytes)
Event: 2684.935 Thread 0x00007f217c291000 nmethod 168 0x00007f216b0ebb50 code [0x00007f216b0ebd40, 0x00007f216b0ec5b8]
Event: 2721.550 Thread 0x00007f217c28d800  169       4       org.eclipse.jdt.launching.internal.org.objectweb.asm.ClassReader::readUtf (44 bytes)
Event: 2721.575 Thread 0x00007f217c28d800 nmethod 169 0x00007f216b0f0e50 code [0x00007f216b0f1000, 0x00007f216b0f1dd8]

GC Heap History (0 events):
No events

Deoptimization events (0 events):
No events

Classes redefined (10 events):
Event: 1968.954 Thread 0x00007f217c143800 redefined class name=LinkedList, count=28
Event: 2090.273 Thread 0x00007f217c143800 redefined class name=LinkedList, count=29
Event: 2172.734 Thread 0x00007f217c143800 redefined class name=LinkedList, count=30
Event: 2238.940 Thread 0x00007f217c143800 redefined class name=LinkedList, count=31
Event: 2252.686 Thread 0x00007f217c143800 redefined class name=LinkedList, count=32
Event: 2451.682 Thread 0x00007f217c143800 redefined class name=LinkedList, count=33
Event: 2599.924 Thread 0x00007f217c143800 redefined class name=LinkedList, count=34
Event: 2684.934 Thread 0x00007f217c143800 redefined class name=LinkedList, count=35
Event: 2721.551 Thread 0x00007f217c143800 redefined class name=LinkedList, count=36
Event: 2782.541 Thread 0x00007f217c143800 redefined class name=LinkedList, count=37

Internal exceptions (5 events):
Event: 0.029 Thread 0x00007f217c00e800 Exception <a 'java/lang/NoSuchMethodError': Method sun.misc.Unsafe.defineClass(Ljava/lang/String;[BII)Ljava/lang/Class; name or signature does not match> (0x00000000d7007cb8) thrown at [/build/openjdk-8-OqY7zN/openjdk-8-8u222-b10/src/hotspot/src/share/vm/
Event: 0.029 Thread 0x00007f217c00e800 Exception <a 'java/lang/NoSuchMethodError': Method sun.misc.Unsafe.prefetchRead(Ljava/lang/Object;J)V name or signature does not match> (0x00000000d7007fa0) thrown at [/build/openjdk-8-OqY7zN/openjdk-8-8u222-b10/src/hotspot/src/share/vm/prims/jni.cpp, lin
Event: 0.159 Thread 0x00007f217c00e800 Exception <a 'java/util/zip/ZipException'> (0x00000000d7075fc0) thrown at [/build/openjdk-8-OqY7zN/openjdk-8-8u222-b10/src/hotspot/src/share/vm/prims/jni.cpp, line 710]
Event: 0.159 Thread 0x00007f217c00e800 Exception <a 'java/security/PrivilegedActionException'> (0x00000000d70766f8) thrown at [/build/openjdk-8-OqY7zN/openjdk-8-8u222-b10/src/hotspot/src/share/vm/prims/jvm.cpp, line 1502]
Event: 0.159 Thread 0x00007f217c00e800 Exception <a 'java/security/PrivilegedActionException'> (0x00000000d7076908) thrown at [/build/openjdk-8-OqY7zN/openjdk-8-8u222-b10/src/hotspot/src/share/vm/prims/jvm.cpp, line 1502]

Events (10 events):
Event: 2797.049 Executing VM operation: GetOwnedMonitorInfo done
Event: 2797.050 Executing VM operation: GetOwnedMonitorInfo
Event: 2797.051 Executing VM operation: GetOwnedMonitorInfo done
Event: 2797.051 Executing VM operation: GetCurrentContendedMonitor
Event: 2797.051 Executing VM operation: GetCurrentContendedMonitor done
Event: 2797.092 Executing VM operation: GetOwnedMonitorInfo
Event: 2797.092 Executing VM operation: GetOwnedMonitorInfo done
Event: 2797.092 Executing VM operation: GetCurrentContendedMonitor
Event: 2797.092 Executing VM operation: GetCurrentContendedMonitor done
Event: 2799.217 Executing VM operation: GetOrSetLocal


Dynamic libraries:
85000000-8a300000 rw-p 00000000 00:00 0 
8a300000-d7000000 ---p 00000000 00:00 0 
d7000000-d9900000 rw-p 00000000 00:00 0 
d9900000-100000000 ---p 00000000 00:00 0 
100000000-1000a0000 rw-p 00000000 00:00 0 
1000a0000-140000000 ---p 00000000 00:00 0 
55a853001000-55a853002000 r-xp 00000000 08:02 2753409                    /usr/lib/jvm/java-8-openjdk-amd64/jre/bin/java
55a853201000-55a853202000 r--p 00000000 08:02 2753409                    /usr/lib/jvm/java-8-openjdk-amd64/jre/bin/java
55a853202000-55a853203000 rw-p 00001000 08:02 2753409                    /usr/lib/jvm/java-8-openjdk-amd64/jre/bin/java
55a85423d000-55a85425e000 rw-p 00000000 00:00 0                          [heap]
7f211c000000-7f211c021000 rw-p 00000000 00:00 0 
7f211c021000-7f2120000000 ---p 00000000 00:00 0 
7f2124000000-7f212489f000 rw-p 00000000 00:00 0 
7f212489f000-7f2128000000 ---p 00000000 00:00 0 
7f2128000000-7f2128021000 rw-p 00000000 00:00 0 
7f2128021000-7f212c000000 ---p 00000000 00:00 0 
7f212c000000-7f212c16c000 rw-p 00000000 00:00 0 
7f212c16c000-7f2130000000 ---p 00000000 00:00 0 
7f2130000000-7f21301d9000 rw-p 00000000 00:00 0 
7f21301d9000-7f2134000000 ---p 00000000 00:00 0 
7f2134000000-7f2134021000 rw-p 00000000 00:00 0 
7f2134021000-7f2138000000 ---p 00000000 00:00 0 
7f2138000000-7f2138021000 rw-p 00000000 00:00 0 
7f2138021000-7f213c000000 ---p 00000000 00:00 0 
7f213c000000-7f213c042000 rw-p 00000000 00:00 0 
7f213c042000-7f2140000000 ---p 00000000 00:00 0 
7f2140000000-7f2140021000 rw-p 00000000 00:00 0 
7f2140021000-7f2144000000 ---p 00000000 00:00 0 
7f21477f8000-7f21477f9000 ---p 00000000 00:00 0 
7f21477f9000-7f21478f9000 rw-p 00000000 00:00 0 
7f21478f9000-7f21478fc000 ---p 00000000 00:00 0 
7f21478fc000-7f21479fa000 rw-p 00000000 00:00 0 
7f21479fa000-7f21479fb000 ---p 00000000 00:00 0 
7f21479fb000-7f21479fe000 ---p 00000000 00:00 0 
7f21479fe000-7f2147afb000 rw-p 00000000 00:00 0 
7f2147afb000-7f2147afc000 ---p 00000000 00:00 0 
7f2147afc000-7f2147aff000 ---p 00000000 00:00 0 
7f2147aff000-7f2147bfc000 rw-p 00000000 00:00 0 
7f2147bfc000-7f2147bfd000 ---p 00000000 00:00 0 
7f2147bfd000-7f2147c00000 ---p 00000000 00:00 0 
7f2147c00000-7f2147cfd000 rw-p 00000000 00:00 0 
7f2147cfd000-7f2147d00000 ---p 00000000 00:00 0 
7f2147d00000-7f2147dfe000 rw-p 00000000 00:00 0 
7f2147dfe000-7f2147e01000 ---p 00000000 00:00 0 
7f2147e01000-7f2147eff000 rw-p 00000000 00:00 0 
7f2147eff000-7f2147f02000 ---p 00000000 00:00 0 
7f2147f02000-7f2148000000 rw-p 00000000 00:00 0 
7f2148000000-7f2148021000 rw-p 00000000 00:00 0 
7f2148021000-7f214c000000 ---p 00000000 00:00 0 
7f214c000000-7f214c021000 rw-p 00000000 00:00 0 
7f214c021000-7f2150000000 ---p 00000000 00:00 0 
7f2150000000-7f2150021000 rw-p 00000000 00:00 0 
7f2150021000-7f2154000000 ---p 00000000 00:00 0 
7f215407b000-7f215407f000 r-xp 00000000 08:02 2753436                    /usr/lib/jvm/java-8-openjdk-amd64/jre/lib/amd64/libdt_socket.so
7f215407f000-7f215427e000 ---p 00004000 08:02 2753436                    /usr/lib/jvm/java-8-openjdk-amd64/jre/lib/amd64/libdt_socket.so
7f215427e000-7f215427f000 r--p 00003000 08:02 2753436                    /usr/lib/jvm/java-8-openjdk-amd64/jre/lib/amd64/libdt_socket.so
7f215427f000-7f2154280000 rw-p 00004000 08:02 2753436                    /usr/lib/jvm/java-8-openjdk-amd64/jre/lib/amd64/libdt_socket.so
7f2154280000-7f2158000000 rw-p 00000000 00:00 0 
7f2158000000-7f2158021000 rw-p 00000000 00:00 0 
7f2158021000-7f215c000000 ---p 00000000 00:00 0 
7f215c000000-7f215c021000 rw-p 00000000 00:00 0 
7f215c021000-7f2160000000 ---p 00000000 00:00 0 
7f2160000000-7f2160021000 rw-p 00000000 00:00 0 
7f2160021000-7f2164000000 ---p 00000000 00:00 0 
7f2164000000-7f2164021000 rw-p 00000000 00:00 0 
7f2164021000-7f2168000000 ---p 00000000 00:00 0 
7f21680f9000-7f21680fc000 ---p 00000000 00:00 0 
7f21680fc000-7f21681fa000 rw-p 00000000 00:00 0 
7f21681fa000-7f21681fd000 ---p 00000000 00:00 0 
7f21681fd000-7f21682fb000 rw-p 00000000 00:00 0 
7f21682fb000-7f21682fe000 ---p 00000000 00:00 0 
7f21682fe000-7f21683fc000 rw-p 00000000 00:00 0 
7f21683fc000-7f21683fd000 ---p 00000000 00:00 0 
7f21683fd000-7f216940c000 rw-p 00000000 00:00 0 
7f216940c000-7f21695dc000 r--s 03c5c000 08:02 2753505                    /usr/lib/jvm/java-8-openjdk-amd64/jre/lib/rt.jar
7f21695dc000-7f2169ad2000 rw-p 00000000 00:00 0 
7f2169ad2000-7f2169e52000 ---p 00000000 00:00 0 
7f2169e52000-7f216a22a000 rw-p 00000000 00:00 0 
7f216a22a000-7f216a22b000 ---p 00000000 00:00 0 
7f216a22b000-7f216a32b000 rw-p 00000000 00:00 0 
7f216a32b000-7f216a32c000 ---p 00000000 00:00 0 
7f216a32c000-7f216a42c000 rw-p 00000000 00:00 0 
7f216a42c000-7f216a42d000 ---p 00000000 00:00 0 
7f216a42d000-7f216a557000 rw-p 00000000 00:00 0 
7f216a557000-7f216a7bd000 ---p 00000000 00:00 0 
7f216a7bd000-7f216a7e7000 rw-p 00000000 00:00 0 
7f216a7e7000-7f216aa4d000 ---p 00000000 00:00 0 
7f216aa4d000-7f216aa62000 rw-p 00000000 00:00 0 
7f216aa62000-7f216ab95000 ---p 00000000 00:00 0 
7f216ab95000-7f216aba0000 rw-p 00000000 00:00 0 
7f216aba0000-7f216af56000 ---p 00000000 00:00 0 
7f216af56000-7f216b1c6000 rwxp 00000000 00:00 0 
7f216b1c6000-7f2179f56000 ---p 00000000 00:00 0 
7f2179f56000-7f2179f5e000 r-xp 00000000 08:02 2753468                    /usr/lib/jvm/java-8-openjdk-amd64/jre/lib/amd64/libzip.so
7f2179f5e000-7f217a15d000 ---p 00008000 08:02 2753468                    /usr/lib/jvm/java-8-openjdk-amd64/jre/lib/amd64/libzip.so
7f217a15d000-7f217a15e000 r--p 00007000 08:02 2753468                    /usr/lib/jvm/java-8-openjdk-amd64/jre/lib/amd64/libzip.so
7f217a15e000-7f217a15f000 rw-p 00008000 08:02 2753468                    /usr/lib/jvm/java-8-openjdk-amd64/jre/lib/amd64/libzip.so
7f217a15f000-7f217a16a000 r-xp 00000000 08:02 6558528                    /lib/x86_64-linux-gnu/libnss_files-2.27.so
7f217a16a000-7f217a369000 ---p 0000b000 08:02 6558528                    /lib/x86_64-linux-gnu/libnss_files-2.27.so
7f217a369000-7f217a36a000 r--p 0000a000 08:02 6558528                    /lib/x86_64-linux-gnu/libnss_files-2.27.so
7f217a36a000-7f217a36b000 rw-p 0000b000 08:02 6558528                    /lib/x86_64-linux-gnu/libnss_files-2.27.so
7f217a36b000-7f217a371000 rw-p 00000000 00:00 0 
7f217a371000-7f217a388000 r-xp 00000000 08:02 6558522                    /lib/x86_64-linux-gnu/libnsl-2.27.so
7f217a388000-7f217a587000 ---p 00017000 08:02 6558522                    /lib/x86_64-linux-gnu/libnsl-2.27.so
7f217a587000-7f217a588000 r--p 00016000 08:02 6558522                    /lib/x86_64-linux-gnu/libnsl-2.27.so
7f217a588000-7f217a589000 rw-p 00017000 08:02 6558522                    /lib/x86_64-linux-gnu/libnsl-2.27.so
7f217a589000-7f217a58b000 rw-p 00000000 00:00 0 
7f217a58b000-7f217a596000 r-xp 00000000 08:02 6558539                    /lib/x86_64-linux-gnu/libnss_nis-2.27.so
7f217a596000-7f217a795000 ---p 0000b000 08:02 6558539                    /lib/x86_64-linux-gnu/libnss_nis-2.27.so
7f217a795000-7f217a796000 r--p 0000a000 08:02 6558539                    /lib/x86_64-linux-gnu/libnss_nis-2.27.so
7f217a796000-7f217a797000 rw-p 0000b000 08:02 6558539                    /lib/x86_64-linux-gnu/libnss_nis-2.27.so
7f217a797000-7f217a79f000 r-xp 00000000 08:02 6558524                    /lib/x86_64-linux-gnu/libnss_compat-2.27.so
7f217a79f000-7f217a99f000 ---p 00008000 08:02 6558524                    /lib/x86_64-linux-gnu/libnss_compat-2.27.so
7f217a99f000-7f217a9a0000 r--p 00008000 08:02 6558524                    /lib/x86_64-linux-gnu/libnss_compat-2.27.so
7f217a9a0000-7f217a9a1000 rw-p 00009000 08:02 6558524                    /lib/x86_64-linux-gnu/libnss_compat-2.27.so
7f217a9a1000-7f217a9ab000 r-xp 00000000 08:02 2753439                    /usr/lib/jvm/java-8-openjdk-amd64/jre/lib/amd64/libinstrument.so
7f217a9ab000-7f217abaa000 ---p 0000a000 08:02 2753439                    /usr/lib/jvm/java-8-openjdk-amd64/jre/lib/amd64/libinstrument.so
7f217abaa000-7f217abab000 r--p 00009000 08:02 2753439                    /usr/lib/jvm/java-8-openjdk-amd64/jre/lib/amd64/libinstrument.so
7f217abab000-7f217abac000 rw-p 0000a000 08:02 2753439                    /usr/lib/jvm/java-8-openjdk-amd64/jre/lib/amd64/libinstrument.so
7f217abac000-7f217b57b000 r--p 00000000 08:02 2628226                    /usr/lib/locale/locale-archive
7f217b57b000-7f217b57d000 r-xp 00000000 08:02 2753462                    /usr/lib/jvm/java-8-openjdk-amd64/jre/lib/amd64/libnpt.so
7f217b57d000-7f217b77d000 ---p 00002000 08:02 2753462                    /usr/lib/jvm/java-8-openjdk-amd64/jre/lib/amd64/libnpt.so
7f217b77d000-7f217b77e000 r--p 00002000 08:02 2753462                    /usr/lib/jvm/java-8-openjdk-amd64/jre/lib/amd64/libnpt.so
7f217b77e000-7f217b77f000 rw-p 00003000 08:02 2753462                    /usr/lib/jvm/java-8-openjdk-amd64/jre/lib/amd64/libnpt.so
7f217b77f000-7f217b7b9000 r-xp 00000000 08:02 2753454                    /usr/lib/jvm/java-8-openjdk-amd64/jre/lib/amd64/libjdwp.so
7f217b7b9000-7f217b9b8000 ---p 0003a000 08:02 2753454                    /usr/lib/jvm/java-8-openjdk-amd64/jre/lib/amd64/libjdwp.so
7f217b9b8000-7f217b9b9000 r--p 00039000 08:02 2753454                    /usr/lib/jvm/java-8-openjdk-amd64/jre/lib/amd64/libjdwp.so
7f217b9b9000-7f217b9ba000 rw-p 0003a000 08:02 2753454                    /usr/lib/jvm/java-8-openjdk-amd64/jre/lib/amd64/libjdwp.so
7f217b9ba000-7f217b9e4000 r-xp 00000000 08:02 2753445                    /usr/lib/jvm/java-8-openjdk-amd64/jre/lib/amd64/libjava.so
7f217b9e4000-7f217bbe3000 ---p 0002a000 08:02 2753445                    /usr/lib/jvm/java-8-openjdk-amd64/jre/lib/amd64/libjava.so
7f217bbe3000-7f217bbe4000 r--p 00029000 08:02 2753445                    /usr/lib/jvm/java-8-openjdk-amd64/jre/lib/amd64/libjava.so
7f217bbe4000-7f217bbe6000 rw-p 0002a000 08:02 2753445                    /usr/lib/jvm/java-8-openjdk-amd64/jre/lib/amd64/libjava.so
7f217bbe6000-7f217bbf6000 r-xp 00000000 08:02 2753467                    /usr/lib/jvm/java-8-openjdk-amd64/jre/lib/amd64/libverify.so
7f217bbf6000-7f217bdf5000 ---p 00010000 08:02 2753467                    /usr/lib/jvm/java-8-openjdk-amd64/jre/lib/amd64/libverify.so
7f217bdf5000-7f217bdf7000 r--p 0000f000 08:02 2753467                    /usr/lib/jvm/java-8-openjdk-amd64/jre/lib/amd64/libverify.so
7f217bdf7000-7f217bdf8000 rw-p 00011000 08:02 2753467                    /usr/lib/jvm/java-8-openjdk-amd64/jre/lib/amd64/libverify.so
7f217bdf8000-7f217bdff000 r-xp 00000000 08:02 6558579                    /lib/x86_64-linux-gnu/librt-2.27.so
7f217bdff000-7f217bffe000 ---p 00007000 08:02 6558579                    /lib/x86_64-linux-gnu/librt-2.27.so
7f217bffe000-7f217bfff000 r--p 00006000 08:02 6558579                    /lib/x86_64-linux-gnu/librt-2.27.so
7f217bfff000-7f217c000000 rw-p 00007000 08:02 6558579                    /lib/x86_64-linux-gnu/librt-2.27.so
7f217c000000-7f217c38b000 rw-p 00000000 00:00 0 
7f217c38b000-7f2180000000 ---p 00000000 00:00 0 
7f218000e000-7f2180021000 r--s 00346000 08:02 2753504                    /usr/lib/jvm/java-8-openjdk-amd64/jre/lib/resources.jar
7f2180021000-7f2180023000 r--s 00016000 08:02 2753498                    /usr/lib/jvm/java-8-openjdk-amd64/jre/lib/jce.jar
7f2180023000-7f2180028000 r--s 000a3000 08:02 2753500                    /usr/lib/jvm/java-8-openjdk-amd64/jre/lib/jsse.jar
7f2180028000-7f2180043000 r--s 001d6000 08:02 2753484                    /usr/lib/jvm/java-8-openjdk-amd64/jre/lib/ext/nashorn.jar
7f2180043000-7f218005e000 r--s 00394000 08:02 2753479                    /usr/lib/jvm/java-8-openjdk-amd64/jre/lib/ext/cldrdata.jar
7f218005e000-7f218005f000 ---p 00000000 00:00 0 
7f218005f000-7f218015f000 rw-p 00000000 00:00 0 
7f218015f000-7f2180176000 r-xp 00000000 08:02 6553606                    /lib/x86_64-linux-gnu/libgcc_s.so.1
7f2180176000-7f2180375000 ---p 00017000 08:02 6553606                    /lib/x86_64-linux-gnu/libgcc_s.so.1
7f2180375000-7f2180376000 r--p 00016000 08:02 6553606                    /lib/x86_64-linux-gnu/libgcc_s.so.1
7f2180376000-7f2180377000 rw-p 00017000 08:02 6553606                    /lib/x86_64-linux-gnu/libgcc_s.so.1
7f2180377000-7f2180514000 r-xp 00000000 08:02 6558501                    /lib/x86_64-linux-gnu/libm-2.27.so
7f2180514000-7f2180713000 ---p 0019d000 08:02 6558501                    /lib/x86_64-linux-gnu/libm-2.27.so
7f2180713000-7f2180714000 r--p 0019c000 08:02 6558501                    /lib/x86_64-linux-gnu/libm-2.27.so
7f2180714000-7f2180715000 rw-p 0019d000 08:02 6558501                    /lib/x86_64-linux-gnu/libm-2.27.so
7f2180715000-7f218088e000 r-xp 00000000 08:02 2629482                    /usr/lib/x86_64-linux-gnu/libstdc++.so.6.0.25
7f218088e000-7f2180a8e000 ---p 00179000 08:02 2629482                    /usr/lib/x86_64-linux-gnu/libstdc++.so.6.0.25
7f2180a8e000-7f2180a98000 r--p 00179000 08:02 2629482                    /usr/lib/x86_64-linux-gnu/libstdc++.so.6.0.25
7f2180a98000-7f2180a9a000 rw-p 00183000 08:02 2629482                    /usr/lib/x86_64-linux-gnu/libstdc++.so.6.0.25
7f2180a9a000-7f2180a9e000 rw-p 00000000 00:00 0 
7f2180a9e000-7f218173d000 r-xp 00000000 08:02 2753470                    /usr/lib/jvm/java-8-openjdk-amd64/jre/lib/amd64/server/libjvm.so
7f218173d000-7f218193d000 ---p 00c9f000 08:02 2753470                    /usr/lib/jvm/java-8-openjdk-amd64/jre/lib/amd64/server/libjvm.so
7f218193d000-7f21819d1000 r--p 00c9f000 08:02 2753470                    /usr/lib/jvm/java-8-openjdk-amd64/jre/lib/amd64/server/libjvm.so
7f21819d1000-7f21819fa000 rw-p 00d33000 08:02 2753470                    /usr/lib/jvm/java-8-openjdk-amd64/jre/lib/amd64/server/libjvm.so
7f21819fa000-7f2181a2a000 rw-p 00000000 00:00 0 
7f2181a2a000-7f2181a44000 r-xp 00000000 08:02 6558571                    /lib/x86_64-linux-gnu/libpthread-2.27.so
7f2181a44000-7f2181c43000 ---p 0001a000 08:02 6558571                    /lib/x86_64-linux-gnu/libpthread-2.27.so
7f2181c43000-7f2181c44000 r--p 00019000 08:02 6558571                    /lib/x86_64-linux-gnu/libpthread-2.27.so
7f2181c44000-7f2181c45000 rw-p 0001a000 08:02 6558571                    /lib/x86_64-linux-gnu/libpthread-2.27.so
7f2181c45000-7f2181c49000 rw-p 00000000 00:00 0 
7f2181c49000-7f2181c4c000 r-xp 00000000 08:02 6558461                    /lib/x86_64-linux-gnu/libdl-2.27.so
7f2181c4c000-7f2181e4b000 ---p 00003000 08:02 6558461                    /lib/x86_64-linux-gnu/libdl-2.27.so
7f2181e4b000-7f2181e4c000 r--p 00002000 08:02 6558461                    /lib/x86_64-linux-gnu/libdl-2.27.so
7f2181e4c000-7f2181e4d000 rw-p 00003000 08:02 6558461                    /lib/x86_64-linux-gnu/libdl-2.27.so
7f2181e4d000-7f2181e69000 r-xp 00000000 08:02 6558610                    /lib/x86_64-linux-gnu/libz.so.1.2.11
7f2181e69000-7f2182068000 ---p 0001c000 08:02 6558610                    /lib/x86_64-linux-gnu/libz.so.1.2.11
7f2182068000-7f2182069000 r--p 0001b000 08:02 6558610                    /lib/x86_64-linux-gnu/libz.so.1.2.11
7f2182069000-7f218206a000 rw-p 0001c000 08:02 6558610                    /lib/x86_64-linux-gnu/libz.so.1.2.11
7f218206a000-7f2182251000 r-xp 00000000 08:02 6558438                    /lib/x86_64-linux-gnu/libc-2.27.so
7f2182251000-7f2182451000 ---p 001e7000 08:02 6558438                    /lib/x86_64-linux-gnu/libc-2.27.so
7f2182451000-7f2182455000 r--p 001e7000 08:02 6558438                    /lib/x86_64-linux-gnu/libc-2.27.so
7f2182455000-7f2182457000 rw-p 001eb000 08:02 6558438                    /lib/x86_64-linux-gnu/libc-2.27.so
7f2182457000-7f218245b000 rw-p 00000000 00:00 0 
7f218245b000-7f2182469000 r-xp 00000000 08:02 2753430                    /usr/lib/jvm/java-8-openjdk-amd64/jre/lib/amd64/jli/libjli.so
7f2182469000-7f2182668000 ---p 0000e000 08:02 2753430                    /usr/lib/jvm/java-8-openjdk-amd64/jre/lib/amd64/jli/libjli.so
7f2182668000-7f2182669000 r--p 0000d000 08:02 2753430                    /usr/lib/jvm/java-8-openjdk-amd64/jre/lib/amd64/jli/libjli.so
7f2182669000-7f218266a000 rw-p 0000e000 08:02 2753430                    /usr/lib/jvm/java-8-openjdk-amd64/jre/lib/amd64/jli/libjli.so
7f218266a000-7f2182691000 r-xp 00000000 08:02 6558410                    /lib/x86_64-linux-gnu/ld-2.27.so
7f2182692000-7f2182695000 r--s 0001f000 08:02 6555437                    /home/ajeet/eclipse/java-2019-06/eclipse/configuration/org.eclipse.osgi/220/0/.cp/lib/javaagent-shaded.jar
7f2182695000-7f2182698000 r--s 00039000 08:02 2753487                    /usr/lib/jvm/java-8-openjdk-amd64/jre/lib/ext/sunpkcs11.jar
7f2182698000-7f218269d000 r--s 0003c000 08:02 2753486                    /usr/lib/jvm/java-8-openjdk-amd64/jre/lib/ext/sunjce_provider.jar
7f218269d000-7f21826a7000 r--s 00116000 08:02 2753483                    /usr/lib/jvm/java-8-openjdk-amd64/jre/lib/ext/localedata.jar
7f21826a7000-7f2182777000 rw-p 00000000 00:00 0 
7f2182777000-7f2182778000 ---p 00000000 00:00 0 
7f2182778000-7f218277b000 ---p 00000000 00:00 0 
7f218277b000-7f218287a000 rw-p 00000000 00:00 0 
7f218287b000-7f218287c000 r--s 00010000 08:02 2753488                    /usr/lib/jvm/java-8-openjdk-amd64/jre/lib/ext/zipfs.jar
7f218287c000-7f218287e000 r--s 00007000 08:02 3019841                    /usr/share/java/java-atk-wrapper.jar
7f218287e000-7f2182881000 r--s 0000f000 08:02 2753481                    /usr/lib/jvm/java-8-openjdk-amd64/jre/lib/ext/icedtea-sound.jar
7f2182881000-7f2182882000 r--s 0000d000 08:02 2753485                    /usr/lib/jvm/java-8-openjdk-amd64/jre/lib/ext/sunec.jar
7f2182882000-7f2182884000 r--s 00001000 08:02 2753480                    /usr/lib/jvm/java-8-openjdk-amd64/jre/lib/ext/dnsns.jar
7f2182884000-7f2182885000 r--s 0000a000 08:02 2753482                    /usr/lib/jvm/java-8-openjdk-amd64/jre/lib/ext/jaccess.jar
7f2182885000-7f218288d000 rw-s 00000000 08:02 3806619                    /tmp/hsperfdata_ajeet/14251
7f218288d000-7f218288e000 rw-p 00000000 00:00 0 
7f218288e000-7f218288f000 ---p 00000000 00:00 0 
7f218288f000-7f2182891000 rw-p 00000000 00:00 0 
7f2182891000-7f2182892000 r--p 00027000 08:02 6558410                    /lib/x86_64-linux-gnu/ld-2.27.so
7f2182892000-7f2182893000 rw-p 00028000 08:02 6558410                    /lib/x86_64-linux-gnu/ld-2.27.so
7f2182893000-7f2182894000 rw-p 00000000 00:00 0 
7ffe07c09000-7ffe07c2a000 rw-p 00000000 00:00 0                          [stack]
7ffe07c6f000-7ffe07c72000 r--p 00000000 00:00 0                          [vvar]
7ffe07c72000-7ffe07c74000 r-xp 00000000 00:00 0                          [vdso]
ffffffffff600000-ffffffffff601000 r-xp 00000000 00:00 0                  [vsyscall]

VM Arguments:
jvm_args: -agentlib:jdwp=transport=dt_socket,suspend=y,address=localhost:42143 -javaagent:/home/ajeet/eclipse/java-2019-06/eclipse/configuration/org.eclipse.osgi/220/0/.cp/lib/javaagent-shaded.jar -Dfile.encoding=UTF-8 
java_command: LinkedList
java_class_path (initial): /home/ajeet/eclipse-workspace/LinkedList/bin:/home/ajeet/eclipse/java-2019-06/eclipse/configuration/org.eclipse.osgi/220/0/.cp/lib/javaagent-shaded.jar
Launcher Type: SUN_STANDARD

Environment Variables:
PATH=/usr/local/sbin:/usr/local/bin:/usr/sbin:/usr/bin:/sbin:/bin:/usr/games:/usr/local/games:/snap/bin
USERNAME=ajeet
SHELL=/bin/bash
DISPLAY=:0

Signal Handlers:
SIGSEGV: [libjvm.so+0xab92f0], sa_mask[0]=11111111011111111101111111111110, sa_flags=SA_RESTART|SA_SIGINFO
SIGBUS: [libjvm.so+0xab92f0], sa_mask[0]=11111111011111111101111111111110, sa_flags=SA_RESTART|SA_SIGINFO
SIGFPE: [libjvm.so+0x8ee560], sa_mask[0]=11111111011111111101111111111110, sa_flags=SA_RESTART|SA_SIGINFO
SIGPIPE: [libjvm.so+0x8ee560], sa_mask[0]=11111111011111111101111111111110, sa_flags=SA_RESTART|SA_SIGINFO
SIGXFSZ: [libjvm.so+0x8ee560], sa_mask[0]=11111111011111111101111111111110, sa_flags=SA_RESTART|SA_SIGINFO
SIGILL: [libjvm.so+0x8ee560], sa_mask[0]=11111111011111111101111111111110, sa_flags=SA_RESTART|SA_SIGINFO
SIGUSR1: SIG_DFL, sa_mask[0]=00000000000000000000000000000000, sa_flags=none
SIGUSR2: [libjvm.so+0x8ee410], sa_mask[0]=00100000000000000000000000000000, sa_flags=SA_RESTART|SA_SIGINFO
SIGHUP: [libjvm.so+0x8eea80], sa_mask[0]=11111111011111111101111111111110, sa_flags=SA_RESTART|SA_SIGINFO
SIGINT: [libjvm.so+0x8eea80], sa_mask[0]=11111111011111111101111111111110, sa_flags=SA_RESTART|SA_SIGINFO
SIGTERM: [libjvm.so+0x8eea80], sa_mask[0]=11111111011111111101111111111110, sa_flags=SA_RESTART|SA_SIGINFO
SIGQUIT: [libjvm.so+0x8eea80], sa_mask[0]=11111111011111111101111111111110, sa_flags=SA_RESTART|SA_SIGINFO


---------------  S Y S T E M  ---------------

OS:DISTRIB_ID=Ubuntu
DISTRIB_RELEASE=18.04
DISTRIB_CODENAME=bionic
DISTRIB_DESCRIPTION="Ubuntu 18.04.2 LTS"

uname:Linux 4.18.0-22-generic #23~18.04.1-Ubuntu SMP Thu Jun 6 08:37:25 UTC 2019 x86_64
libc:glibc 2.27 NPTL 2.27 
rlimit: STACK 8192k, CORE 0k, NPROC 31286, NOFILE 4096, AS infinity
load average:2.37 2.23 2.18

/proc/meminfo:
MemTotal:        8054496 kB
MemFree:          897876 kB
MemAvailable:    3114732 kB
Buffers:          220748 kB
Cached:          2700336 kB
SwapCached:            0 kB
Active:          4852664 kB
Inactive:        1834984 kB
Active(anon):    3764440 kB
Inactive(anon):   594976 kB
Active(file):    1088224 kB
Inactive(file):  1240008 kB
Unevictable:          80 kB
Mlocked:              80 kB
SwapTotal:       8000508 kB
SwapFree:        8000508 kB
Dirty:              1524 kB
Writeback:             0 kB
AnonPages:       3766632 kB
Mapped:           636972 kB
Shmem:            596472 kB
Slab:             269184 kB
SReclaimable:     191720 kB
SUnreclaim:        77464 kB
KernelStack:       24208 kB
PageTables:        85012 kB
NFS_Unstable:          0 kB
Bounce:                0 kB
WritebackTmp:          0 kB
CommitLimit:    12027756 kB
Committed_AS:   15524076 kB
VmallocTotal:   34359738367 kB
VmallocUsed:           0 kB
VmallocChunk:          0 kB
HardwareCorrupted:     0 kB
AnonHugePages:         0 kB
ShmemHugePages:        0 kB
ShmemPmdMapped:        0 kB
CmaTotal:              0 kB
CmaFree:               0 kB
HugePages_Total:       0
HugePages_Free:        0
HugePages_Rsvd:        0
HugePages_Surp:        0
Hugepagesize:       2048 kB
Hugetlb:               0 kB
DirectMap4k:      293784 kB
DirectMap2M:     7981056 kB
DirectMap1G:     1048576 kB

container (cgroup) information:
container_type: cgroupv1
cpu_cpuset_cpus: 0-3
cpu_memory_nodes: 0
active_processor_count: 4
cpu_quota: -1
cpu_period: 100000
cpu_shares: -1
memory_limit_in_bytes: -1
memory_and_swap_limit_in_bytes: -2
memory_soft_limit_in_bytes: -1
memory_usage_in_bytes: 6848319488
memory_max_usage_in_bytes: 0


CPU:total 4 (initial active 4) (2 cores per cpu, 2 threads per core) family 6 model 61 stepping 4, cmov, cx8, fxsr, mmx, sse, sse2, sse3, ssse3, sse4.1, sse4.2, popcnt, avx, avx2, aes, clmul, erms, rtm, 3dnowpref, lzcnt, ht, tsc, tscinvbit, bmi1, bmi2, adx

/proc/cpuinfo:
processor	: 0
vendor_id	: GenuineIntel
cpu family	: 6
model		: 61
model name	: Intel(R) Core(TM) i5-5300U CPU @ 2.30GHz
stepping	: 4
microcode	: 0x2d
cpu MHz		: 2623.159
cache size	: 3072 KB
physical id	: 0
siblings	: 4
core id		: 0
cpu cores	: 2
apicid		: 0
initial apicid	: 0
fpu		: yes
fpu_exception	: yes
cpuid level	: 20
wp		: yes
flags		: fpu vme de pse tsc msr pae mce cx8 apic sep mtrr pge mca cmov pat pse36 clflush dts acpi mmx fxsr sse sse2 ss ht tm pbe syscall nx pdpe1gb rdtscp lm constant_tsc arch_perfmon pebs bts rep_good nopl xtopology nonstop_tsc cpuid aperfmperf pni pclmulqdq dtes64 monitor ds_cpl vmx smx est tm2 ssse3 sdbg fma cx16 xtpr pdcm pcid sse4_1 sse4_2 x2apic movbe popcnt tsc_deadline_timer aes xsave avx f16c rdrand lahf_lm abm 3dnowprefetch cpuid_fault epb invpcid_single pti ssbd ibrs ibpb stibp tpr_shadow vnmi flexpriority ept vpid fsgsbase tsc_adjust bmi1 hle avx2 smep bmi2 erms invpcid rtm rdseed adx smap intel_pt xsaveopt dtherm ida arat pln pts md_clear flush_l1d
bugs		: cpu_meltdown spectre_v1 spectre_v2 spec_store_bypass l1tf mds
bogomips	: 4589.13
clflush size	: 64
cache_alignment	: 64
address sizes	: 39 bits physical, 48 bits virtual
power management:

processor	: 1
vendor_id	: GenuineIntel
cpu family	: 6
model		: 61
model name	: Intel(R) Core(TM) i5-5300U CPU @ 2.30GHz
stepping	: 4
microcode	: 0x2d
cpu MHz		: 2643.034
cache size	: 3072 KB
physical id	: 0
siblings	: 4
core id		: 1
cpu cores	: 2
apicid		: 2
initial apicid	: 2
fpu		: yes
fpu_exception	: yes
cpuid level	: 20
wp		: yes
flags		: fpu vme de pse tsc msr pae mce cx8 apic sep mtrr pge mca cmov pat pse36 clflush dts acpi mmx fxsr sse sse2 ss ht tm pbe syscall nx pdpe1gb rdtscp lm constant_tsc arch_perfmon pebs bts rep_good nopl xtopology nonstop_tsc cpuid aperfmperf pni pclmulqdq dtes64 monitor ds_cpl vmx smx est tm2 ssse3 sdbg fma cx16 xtpr pdcm pcid sse4_1 sse4_2 x2apic movbe popcnt tsc_deadline_timer aes xsave avx f16c rdrand lahf_lm abm 3dnowprefetch cpuid_fault epb invpcid_single pti ssbd ibrs ibpb stibp tpr_shadow vnmi flexpriority ept vpid fsgsbase tsc_adjust bmi1 hle avx2 smep bmi2 erms invpcid rtm rdseed adx smap intel_pt xsaveopt dtherm ida arat pln pts md_clear flush_l1d
bugs		: cpu_meltdown spectre_v1 spectre_v2 spec_store_bypass l1tf mds
bogomips	: 4589.13
clflush size	: 64
cache_alignment	: 64
address sizes	: 39 bits physical, 48 bits virtual
power management:

processor	: 2
vendor_id	: GenuineIntel
cpu family	: 6
model		: 61
model name	: Intel(R) Core(TM) i5-5300U CPU @ 2.30GHz
stepping	: 4
microcode	: 0x2d
cpu MHz		: 2639.300
cache size	: 3072 KB
physical id	: 0
siblings	: 4
core id		: 0
cpu cores	: 2
apicid		: 1
initial apicid	: 1
fpu		: yes
fpu_exception	: yes
cpuid level	: 20
wp		: yes
flags		: fpu vme de pse tsc msr pae mce cx8 apic sep mtrr pge mca cmov pat pse36 clflush dts acpi mmx fxsr sse sse2 ss ht tm pbe syscall nx pdpe1gb rdtscp lm constant_tsc arch_perfmon pebs bts rep_good nopl xtopology nonstop_tsc cpuid aperfmperf pni pclmulqdq dtes64 monitor ds_cpl vmx smx est tm2 ssse3 sdbg fma cx16 xtpr pdcm pcid sse4_1 sse4_2 x2apic movbe popcnt tsc_deadline_timer aes xsave avx f16c rdrand lahf_lm abm 3dnowprefetch cpuid_fault epb invpcid_single pti ssbd ibrs ibpb stibp tpr_shadow vnmi flexpriority ept vpid fsgsbase tsc_adjust bmi1 hle avx2 smep bmi2 erms invpcid rtm rdseed adx smap intel_pt xsaveopt dtherm ida arat pln pts md_clear flush_l1d
bugs		: cpu_meltdown spectre_v1 spectre_v2 spec_store_bypass l1tf mds
bogomips	: 4589.13
clflush size	: 64
cache_alignment	: 64
address sizes	: 39 bits physical, 48 bits virtual
power management:

processor	: 3
vendor_id	: GenuineIntel
cpu family	: 6
model		: 61
model name	: Intel(R) Core(TM) i5-5300U CPU @ 2.30GHz
stepping	: 4
microcode	: 0x2d
cpu MHz		: 2583.433
cache size	: 3072 KB
physical id	: 0
siblings	: 4
core id		: 1
cpu cores	: 2
apicid		: 3
initial apicid	: 3
fpu		: yes
fpu_exception	: yes
cpuid level	: 20
wp		: yes
flags		: fpu vme de pse tsc msr pae mce cx8 apic sep mtrr pge mca cmov pat pse36 clflush dts acpi mmx fxsr sse sse2 ss ht tm pbe syscall nx pdpe1gb rdtscp lm constant_tsc arch_perfmon pebs bts rep_good nopl xtopology nonstop_tsc cpuid aperfmperf pni pclmulqdq dtes64 monitor ds_cpl vmx smx est tm2 ssse3 sdbg fma cx16 xtpr pdcm pcid sse4_1 sse4_2 x2apic movbe popcnt tsc_deadline_timer aes xsave avx f16c rdrand lahf_lm abm 3dnowprefetch cpuid_fault epb invpcid_single pti ssbd ibrs ibpb stibp tpr_shadow vnmi flexpriority ept vpid fsgsbase tsc_adjust bmi1 hle avx2 smep bmi2 erms invpcid rtm rdseed adx smap intel_pt xsaveopt dtherm ida arat pln pts md_clear flush_l1d
bugs		: cpu_meltdown spectre_v1 spectre_v2 spec_store_bypass l1tf mds
bogomips	: 4589.13
clflush size	: 64
cache_alignment	: 64
address sizes	: 39 bits physical, 48 bits virtual
power management:



Memory: 4k page, physical 8054496k(897876k free), swap 8000508k(8000508k free)

vm_info: OpenJDK 64-Bit Server VM (25.222-b10) for linux-amd64 JRE (1.8.0_222-8u222-b10-1ubuntu1~18.04.1-b10), built on Jul 18 2019 18:52:48 by "buildd" with gcc 7.4.0

time: Sat Aug 31 17:59:48 2019
timezone: IST
elapsed time: 2799 seconds (0d 0h 46m 39s)

